<?xml version="1.0" encoding="UTF-8" ?>
<testsuite tests="9" failures="0" name="com.mycompany.cardgame.CardGameTest" time="0.013" errors="0" skipped="0">
  <properties>
[...]
</properties>
  <testcase classname="com.mycompany.cardgame.CardGameTest" name="testInputPack" time="0.002"/>
  <testcase classname="com.mycompany.cardgame.CardGameTest" name="testCreatePlayer" time="0"/>
  <testcase classname="com.mycompany.cardgame.CardGameTest" name="testDrawCard" time="0.006"/>
  <testcase classname="com.mycompany.cardgame.CardGameTest" name="testRemoveCard" time="0.002"/>
  <testcase classname="com.mycompany.cardgame.CardGameTest" name="testInputCards" time="0"/>
  <testcase classname="com.mycompany.cardgame.CardGameTest" name="testCreateDeck" time="0"/>
  <testcase classname="com.mycompany.cardgame.CardGameTest" name="testShowPlayerCardNums" time="0.001"/>
  <testcase classname="com.mycompany.cardgame.CardGameTest" name="testGetCardNum" time="0"/>
  <testcase classname="com.mycompany.cardgame.CardGameTest" name="testPlayerWinner" time="0.002"/>
</testsuite>